{
  "stats": {
    "suites": 4,
    "tests": 32,
    "passes": 14,
    "pending": 0,
    "failures": 18,
    "start": "2020-12-01T22:11:32.496Z",
    "end": "2020-12-01T22:16:45.889Z",
    "duration": 313393,
    "testsRegistered": 32,
    "passPercent": 43.75,
    "pendingPercent": 0,
    "other": 0,
    "hasOther": false,
    "skipped": 0,
    "hasSkipped": false
  },
  "results": [
    {
      "uuid": "3949097b-625e-4c4d-8aa4-8cc2320ba6d0",
      "title": "",
      "fullFile": "cypress\\integration\\search.spec.js",
      "file": "cypress\\integration\\search.spec.js",
      "beforeHooks": [],
      "afterHooks": [],
      "tests": [],
      "suites": [
        {
          "uuid": "92b1cacb-6e6a-4a55-bd43-edae29fb35e6",
          "title": "Verify search and advance search",
          "fullFile": "",
          "file": "",
          "beforeHooks": [],
          "afterHooks": [],
          "tests": [],
          "suites": [
            {
              "uuid": "470f75a9-f9f6-432f-9637-3d8b223f8e32",
              "title": "Home Search button",
              "fullFile": "",
              "file": "",
              "beforeHooks": [],
              "afterHooks": [],
              "tests": [
                {
                  "title": "Search input field",
                  "fullTitle": "Verify search and advance search Home Search button Search input field",
                  "timedOut": null,
                  "duration": 2983,
                  "state": "passed",
                  "speed": "slow",
                  "pass": true,
                  "fail": false,
                  "pending": false,
                  "context": null,
                  "code": "_search[\"default\"].getSearch();",
                  "err": {},
                  "uuid": "a2f69d88-8915-447c-b0ed-ad8dabf5ffe6",
                  "parentUUID": "470f75a9-f9f6-432f-9637-3d8b223f8e32",
                  "isHook": false,
                  "skipped": false
                },
                {
                  "title": "Search input field with placeholder text",
                  "fullTitle": "Verify search and advance search Home Search button Search input field with placeholder text",
                  "timedOut": null,
                  "duration": 10710,
                  "state": "failed",
                  "speed": null,
                  "pass": false,
                  "fail": true,
                  "pending": false,
                  "context": null,
                  "code": "_search[\"default\"].getSearch();\ngetIframeBody().find('#small-searchterms').should('have.attr', 'placeholder', 'Search item');",
                  "err": {
                    "message": "AssertionError: Timed out retrying: expected '<input#small-searchterms.search-box-text.ui-autocomplete-input>' to have attribute 'placeholder' with the value 'Search item', but the value was 'Search store'",
                    "estack": "AssertionError: Timed out retrying: expected '<input#small-searchterms.search-box-text.ui-autocomplete-input>' to have attribute 'placeholder' with the value 'Search item', but the value was 'Search store'\n    at Context.eval (https://frontend.nopcommerce.com/__cypress/tests?p=cypress\\integration\\search.spec.js:144:50)",
                    "diff": "- 'Search store'\n+ 'Search item'\n"
                  },
                  "uuid": "77b7fa21-bccc-4fcf-a720-fa3e40984c44",
                  "parentUUID": "470f75a9-f9f6-432f-9637-3d8b223f8e32",
                  "isHook": false,
                  "skipped": false
                },
                {
                  "title": "Search with an empty term",
                  "fullTitle": "Verify search and advance search Home Search button Search with an empty term",
                  "timedOut": null,
                  "duration": 12919,
                  "state": "failed",
                  "speed": null,
                  "pass": false,
                  "fail": true,
                  "pending": false,
                  "context": null,
                  "code": "cy.visit('');\ngetIframeBody().find('#small-searchterms').clear();\ncy.get('iframe').then(function ($iframe) {\n  var $body = $iframe.contents().find('body');\n  var $win = $iframe[0].contentWindow;\n  cy.stub($win, 'alert').as('windowAlert');\n  cy.wrap($body).find('.search-box-button').click().should(function () {\n    expect(this.windowAlert).to.be.calledWith('Search term minimum length is one character'); //expect(this.windowAlert).to.be.calledWith('Please enter some search keyword')\n  });\n});",
                  "err": {
                    "message": "AssertionError: Timed out retrying: expected windowAlert to have been called with arguments \"Search term minimum length is one character\"\n\n    The following calls were made:\n\n    windowAlert(\"Please enter some search keyword\") at windowAlert (https://frontend.nopcommerce.com/__cypress/runner/cypress_runner.js:140661:26)",
                    "estack": "AssertionError: Timed out retrying: expected windowAlert to have been called with arguments \"Search term minimum length is one character\"\n\n    The following calls were made:\n\n    windowAlert(\"Please enter some search keyword\") at windowAlert (https://frontend.nopcommerce.com/__cypress/runner/cypress_runner.js:140661:26)\n    at Context.eval (https://frontend.nopcommerce.com/__cypress/tests?p=cypress\\integration\\search.spec.js:154:42)",
                    "diff": null
                  },
                  "uuid": "2699ea2a-914e-4aeb-bfb3-68fb401a9d55",
                  "parentUUID": "470f75a9-f9f6-432f-9637-3d8b223f8e32",
                  "isHook": false,
                  "skipped": false
                },
                {
                  "title": "Search a random term",
                  "fullTitle": "Verify search and advance search Home Search button Search a random term",
                  "timedOut": null,
                  "duration": 13312,
                  "state": "failed",
                  "speed": null,
                  "pass": false,
                  "fail": true,
                  "pending": false,
                  "context": null,
                  "code": "_search[\"default\"].getSearch();\ngetIframeBody().find('#small-searchterms').type(randomSearch);\n_search[\"default\"].clickSearchButton();\ncy.wait(2000);\n_searchAssertions[\"default\"].storesearchAssertions();",
                  "err": {
                    "message": "AssertionError: Timed out retrying: expected '<h1>' to have text 'Search the store', but the text was 'Search'",
                    "estack": "AssertionError: Timed out retrying: expected '<h1>' to have text 'Search the store', but the text was 'Search'\n    at Context.eval (https://frontend.nopcommerce.com/__cypress/tests?p=cypress\\integration\\search.spec.js:608:18)",
                    "diff": "- 'Search'\n+ 'Search the store'\n"
                  },
                  "uuid": "c1b590f9-ddf1-469b-882a-108485ea146a",
                  "parentUUID": "470f75a9-f9f6-432f-9637-3d8b223f8e32",
                  "isHook": false,
                  "skipped": false
                },
                {
                  "title": "Search same random term twice",
                  "fullTitle": "Verify search and advance search Home Search button Search same random term twice",
                  "timedOut": null,
                  "duration": 13928,
                  "state": "failed",
                  "speed": null,
                  "pass": false,
                  "fail": true,
                  "pending": false,
                  "context": null,
                  "code": "_search[\"default\"].getSearch();\nvar randomSearchTerm = faker.random.alphaNumeric(3);\ngetIframeBody().within(function () {\n  cy.get('#small-searchterms').type(randomSearchTerm);\n});\n_search[\"default\"].clickSearchButton();\ncy.wait(2000);\ngetIframeBody().within(function () {\n  cy.get('#small-searchterms').clear();\n  cy.get('#small-searchterms').type(randomSearchTerm);\n});\n_search[\"default\"].clickSearchButton();\n_searchAssertions[\"default\"].storesearchAssertions();",
                  "err": {
                    "message": "CypressError: Timed out retrying: `cy.should()` failed because this element is detached from the DOM.\n\n`<h1>Search</h1>`\n\nCypress requires elements be attached in the DOM to interact with them.\n\nThe previous command that ran was:\n\n  > `cy.within()`\n\nThis DOM element likely became detached somewhere between the previous and current command.\n\nCommon situations why this happens:\n  - Your JS framework re-rendered asynchronously\n  - Your app code reacted to an event firing and removed the element\n\nYou typically need to re-query for the element or add 'guards' which delay Cypress from running new commands.\n\nhttps://on.cypress.io/element-has-detached-from-dom",
                    "estack": "CypressError: Timed out retrying: `cy.should()` failed because this element is detached from the DOM.\n\n`<h1>Search</h1>`\n\nCypress requires elements be attached in the DOM to interact with them.\n\nThe previous command that ran was:\n\n  > `cy.within()`\n\nThis DOM element likely became detached somewhere between the previous and current command.\n\nCommon situations why this happens:\n  - Your JS framework re-rendered asynchronously\n  - Your app code reacted to an event firing and removed the element\n\nYou typically need to re-query for the element or add 'guards' which delay Cypress from running new commands.\n\nhttps://on.cypress.io/element-has-detached-from-dom\n    at $Cy.ensureAttached (https://frontend.nopcommerce.com/__cypress/runner/cypress_runner.js:161156:24)\n    at applyChainers (https://frontend.nopcommerce.com/__cypress/runner/cypress_runner.js:154696:12)\n    at tryCatcher (https://frontend.nopcommerce.com/__cypress/runner/cypress_runner.js:10584:23)\n    at Function.Promise.attempt.Promise.try (https://frontend.nopcommerce.com/__cypress/runner/cypress_runner.js:7858:29)\n    at Context.shouldFn (https://frontend.nopcommerce.com/__cypress/runner/cypress_runner.js:154728:23)\n    at Context.should (https://frontend.nopcommerce.com/__cypress/runner/cypress_runner.js:154746:23)\n    at https://frontend.nopcommerce.com/__cypress/runner/cypress_runner.js:150463:39\n    at assertions (https://frontend.nopcommerce.com/__cypress/runner/cypress_runner.js:150715:14)\n    at tryCatcher (https://frontend.nopcommerce.com/__cypress/runner/cypress_runner.js:10584:23)\n    at Object.gotValue (https://frontend.nopcommerce.com/__cypress/runner/cypress_runner.js:9728:18)\n    at Object.gotAccum (https://frontend.nopcommerce.com/__cypress/runner/cypress_runner.js:9715:25)\n    at Object.tryCatcher (https://frontend.nopcommerce.com/__cypress/runner/cypress_runner.js:10584:23)\n    at Promise._settlePromiseFromHandler (https://frontend.nopcommerce.com/__cypress/runner/cypress_runner.js:8519:31)\n    at Promise._settlePromise (https://frontend.nopcommerce.com/__cypress/runner/cypress_runner.js:8576:18)\n    at Promise._settlePromiseCtx (https://frontend.nopcommerce.com/__cypress/runner/cypress_runner.js:8613:10)\n    at _drainQueueStep (https://frontend.nopcommerce.com/__cypress/runner/cypress_runner.js:5295:12)\nFrom Your Spec Code:\n    at Context.eval (https://frontend.nopcommerce.com/__cypress/tests?p=cypress\\integration\\search.spec.js:608:18)",
                    "diff": null
                  },
                  "uuid": "a3f69970-8086-469d-959e-35771d4a6af8",
                  "parentUUID": "470f75a9-f9f6-432f-9637-3d8b223f8e32",
                  "isHook": false,
                  "skipped": false
                },
                {
                  "title": "Search twice with updated random search term",
                  "fullTitle": "Verify search and advance search Home Search button Search twice with updated random search term",
                  "timedOut": null,
                  "duration": 14750,
                  "state": "failed",
                  "speed": null,
                  "pass": false,
                  "fail": true,
                  "pending": false,
                  "context": null,
                  "code": "_search[\"default\"].getSearch();\ngetIframeBody().within(function () {\n  cy.get('#small-searchterms').type(faker.random.alphaNumeric(3));\n});\n_search[\"default\"].clickSearchButton();\ncy.wait(2000);\ngetIframeBody().within(function () {\n  cy.get('#small-searchterms').clear();\n  cy.get('#small-searchterms').type(faker.random.alphaNumeric(3));\n});\n_search[\"default\"].clickSearchButton();\n_searchAssertions[\"default\"].storesearchAssertions();",
                  "err": {
                    "message": "CypressError: Timed out retrying: `cy.should()` failed because this element is detached from the DOM.\n\n`<h1>Search</h1>`\n\nCypress requires elements be attached in the DOM to interact with them.\n\nThe previous command that ran was:\n\n  > `cy.within()`\n\nThis DOM element likely became detached somewhere between the previous and current command.\n\nCommon situations why this happens:\n  - Your JS framework re-rendered asynchronously\n  - Your app code reacted to an event firing and removed the element\n\nYou typically need to re-query for the element or add 'guards' which delay Cypress from running new commands.\n\nhttps://on.cypress.io/element-has-detached-from-dom",
                    "estack": "CypressError: Timed out retrying: `cy.should()` failed because this element is detached from the DOM.\n\n`<h1>Search</h1>`\n\nCypress requires elements be attached in the DOM to interact with them.\n\nThe previous command that ran was:\n\n  > `cy.within()`\n\nThis DOM element likely became detached somewhere between the previous and current command.\n\nCommon situations why this happens:\n  - Your JS framework re-rendered asynchronously\n  - Your app code reacted to an event firing and removed the element\n\nYou typically need to re-query for the element or add 'guards' which delay Cypress from running new commands.\n\nhttps://on.cypress.io/element-has-detached-from-dom\n    at $Cy.ensureAttached (https://frontend.nopcommerce.com/__cypress/runner/cypress_runner.js:161156:24)\n    at applyChainers (https://frontend.nopcommerce.com/__cypress/runner/cypress_runner.js:154696:12)\n    at tryCatcher (https://frontend.nopcommerce.com/__cypress/runner/cypress_runner.js:10584:23)\n    at Function.Promise.attempt.Promise.try (https://frontend.nopcommerce.com/__cypress/runner/cypress_runner.js:7858:29)\n    at Context.shouldFn (https://frontend.nopcommerce.com/__cypress/runner/cypress_runner.js:154728:23)\n    at Context.should (https://frontend.nopcommerce.com/__cypress/runner/cypress_runner.js:154746:23)\n    at https://frontend.nopcommerce.com/__cypress/runner/cypress_runner.js:150463:39\n    at assertions (https://frontend.nopcommerce.com/__cypress/runner/cypress_runner.js:150715:14)\n    at tryCatcher (https://frontend.nopcommerce.com/__cypress/runner/cypress_runner.js:10584:23)\n    at Object.gotValue (https://frontend.nopcommerce.com/__cypress/runner/cypress_runner.js:9728:18)\n    at Object.gotAccum (https://frontend.nopcommerce.com/__cypress/runner/cypress_runner.js:9715:25)\n    at Object.tryCatcher (https://frontend.nopcommerce.com/__cypress/runner/cypress_runner.js:10584:23)\n    at Promise._settlePromiseFromHandler (https://frontend.nopcommerce.com/__cypress/runner/cypress_runner.js:8519:31)\n    at Promise._settlePromise (https://frontend.nopcommerce.com/__cypress/runner/cypress_runner.js:8576:18)\n    at Promise._settlePromiseCtx (https://frontend.nopcommerce.com/__cypress/runner/cypress_runner.js:8613:10)\n    at _drainQueueStep (https://frontend.nopcommerce.com/__cypress/runner/cypress_runner.js:5295:12)\nFrom Your Spec Code:\n    at Context.eval (https://frontend.nopcommerce.com/__cypress/tests?p=cypress\\integration\\search.spec.js:608:18)",
                    "diff": null
                  },
                  "uuid": "8d1c9057-5368-4d32-8c1d-5bcb7e9028f8",
                  "parentUUID": "470f75a9-f9f6-432f-9637-3d8b223f8e32",
                  "isHook": false,
                  "skipped": false
                },
                {
                  "title": "Search with 1 character",
                  "fullTitle": "Verify search and advance search Home Search button Search with 1 character",
                  "timedOut": null,
                  "duration": 14077,
                  "state": "failed",
                  "speed": null,
                  "pass": false,
                  "fail": true,
                  "pending": false,
                  "context": null,
                  "code": "_search[\"default\"].getSearch();\ngetIframeBody().within(function () {\n  cy.get('#small-searchterms').type(faker.random.alphaNumeric(1));\n});\n_search[\"default\"].clickSearchButton();\ncy.wait(2000);\n_searchAssertions[\"default\"].storesearchAssertions();",
                  "err": {
                    "message": "AssertionError: Timed out retrying: expected '<h1>' to have text 'Search the store', but the text was 'Search'",
                    "estack": "AssertionError: Timed out retrying: expected '<h1>' to have text 'Search the store', but the text was 'Search'\n    at Context.eval (https://frontend.nopcommerce.com/__cypress/tests?p=cypress\\integration\\search.spec.js:608:18)",
                    "diff": "- 'Search'\n+ 'Search the store'\n"
                  },
                  "uuid": "d1f6d508-9f2a-4e26-ae80-8d866a0d538a",
                  "parentUUID": "470f75a9-f9f6-432f-9637-3d8b223f8e32",
                  "isHook": false,
                  "skipped": false
                },
                {
                  "title": "Search with one word",
                  "fullTitle": "Verify search and advance search Home Search button Search with one word",
                  "timedOut": null,
                  "duration": 14246,
                  "state": "failed",
                  "speed": null,
                  "pass": false,
                  "fail": true,
                  "pending": false,
                  "context": null,
                  "code": "_search[\"default\"].getSearch();\ngetIframeBody().within(function () {\n  cy.get('#small-searchterms').type(faker.random.word());\n});\n_search[\"default\"].clickSearchButton();\ncy.wait(2000);\n_searchAssertions[\"default\"].storesearchAssertions();",
                  "err": {
                    "message": "AssertionError: Timed out retrying: expected '<h1>' to have text 'Search the store', but the text was 'Search'",
                    "estack": "AssertionError: Timed out retrying: expected '<h1>' to have text 'Search the store', but the text was 'Search'\n    at Context.eval (https://frontend.nopcommerce.com/__cypress/tests?p=cypress\\integration\\search.spec.js:608:18)",
                    "diff": "- 'Search'\n+ 'Search the store'\n"
                  },
                  "uuid": "3455d00c-a6df-4c41-b042-67457a98f6ec",
                  "parentUUID": "470f75a9-f9f6-432f-9637-3d8b223f8e32",
                  "isHook": false,
                  "skipped": false
                },
                {
                  "title": "Clear search results",
                  "fullTitle": "Verify search and advance search Home Search button Clear search results",
                  "timedOut": null,
                  "duration": 17096,
                  "state": "failed",
                  "speed": null,
                  "pass": false,
                  "fail": true,
                  "pending": false,
                  "context": null,
                  "code": "_search[\"default\"].getSearch();\ngetIframeBody().within(function () {\n  cy.get('#small-searchterms').type('Book');\n  cy.wait(2000);\n  cy.get('.search-box-button').click();\n  cy.wait(2000);\n});\n_searchAssertions[\"default\"].getResults();\ngetIframeBody().within(function () {\n  cy.get('.search-text').clear();\n  cy.get('.product-grid').should('not.be.visible');\n});",
                  "err": {
                    "message": "AssertionError: Timed out retrying: expected '<div.product-grid>' not to be 'visible'",
                    "estack": "AssertionError: Timed out retrying: expected '<div.product-grid>' not to be 'visible'\n    at Context.eval (https://frontend.nopcommerce.com/__cypress/tests?p=cypress\\integration\\search.spec.js:248:33)",
                    "diff": null
                  },
                  "uuid": "4c54409d-418c-4352-bc0a-17d6e5bf6ae2",
                  "parentUUID": "470f75a9-f9f6-432f-9637-3d8b223f8e32",
                  "isHook": false,
                  "skipped": false
                },
                {
                  "title": "Search multiple words in the search filed",
                  "fullTitle": "Verify search and advance search Home Search button Search multiple words in the search filed",
                  "timedOut": null,
                  "duration": 12783,
                  "state": "failed",
                  "speed": null,
                  "pass": false,
                  "fail": true,
                  "pending": false,
                  "context": null,
                  "code": "var Searchterm = faker.commerce.productName();\n_search[\"default\"].search(Searchterm);\n_searchAssertions[\"default\"].storesearchAssertions();",
                  "err": {
                    "message": "AssertionError: Timed out retrying: expected '<h1>' to have text 'Search the store', but the text was 'Search'",
                    "estack": "AssertionError: Timed out retrying: expected '<h1>' to have text 'Search the store', but the text was 'Search'\n    at Context.eval (https://frontend.nopcommerce.com/__cypress/tests?p=cypress\\integration\\search.spec.js:608:18)",
                    "diff": "- 'Search'\n+ 'Search the store'\n"
                  },
                  "uuid": "9a704dac-e35c-47b7-9cb1-3d7e802d6f19",
                  "parentUUID": "470f75a9-f9f6-432f-9637-3d8b223f8e32",
                  "isHook": false,
                  "skipped": false
                },
                {
                  "title": "Search product First word last and Last word first",
                  "fullTitle": "Verify search and advance search Home Search button Search product First word last and Last word first",
                  "timedOut": null,
                  "duration": 13315,
                  "state": "failed",
                  "speed": null,
                  "pass": false,
                  "fail": true,
                  "pending": false,
                  "context": null,
                  "code": "var term = 'Book Apple';\n_search[\"default\"].search(term);\n_searchAssertions[\"default\"].storesearchAssertions();",
                  "err": {
                    "message": "AssertionError: Timed out retrying: expected '<h1>' to have text 'Search the store', but the text was 'Search'",
                    "estack": "AssertionError: Timed out retrying: expected '<h1>' to have text 'Search the store', but the text was 'Search'\n    at Context.eval (https://frontend.nopcommerce.com/__cypress/tests?p=cypress\\integration\\search.spec.js:608:18)",
                    "diff": "- 'Search'\n+ 'Search the store'\n"
                  },
                  "uuid": "07708742-dcdf-4ad5-8657-74a2d8bfa84b",
                  "parentUUID": "470f75a9-f9f6-432f-9637-3d8b223f8e32",
                  "isHook": false,
                  "skipped": false
                },
                {
                  "title": "verify Search suggestions while typing",
                  "fullTitle": "Verify search and advance search Home Search button verify Search suggestions while typing",
                  "timedOut": null,
                  "duration": 2327,
                  "state": "passed",
                  "speed": "slow",
                  "pass": true,
                  "fail": false,
                  "pending": false,
                  "context": null,
                  "code": "_search[\"default\"].getSearch();\ngetIframeBody().within(function () {\n  cy.get('#small-searchterms').type('Book ');\n});\ngetIframeBody().find('#ui-id-1').find('li').should(function ($el) {\n  expect($el).to.have.length(4);\n  expect($el).to.have.length > 1;\n});",
                  "err": {},
                  "uuid": "cfa5dff0-811e-4169-8171-73411ad39b59",
                  "parentUUID": "470f75a9-f9f6-432f-9637-3d8b223f8e32",
                  "isHook": false,
                  "skipped": false
                },
                {
                  "title": "More relevant products for the search term",
                  "fullTitle": "Verify search and advance search Home Search button More relevant products for the search term",
                  "timedOut": null,
                  "duration": 2764,
                  "state": "passed",
                  "speed": "slow",
                  "pass": true,
                  "fail": false,
                  "pending": false,
                  "context": null,
                  "code": "var searchWord = 'Apple MacBook Pro 13-inch';\n_search[\"default\"].search(searchWord);\ngetIframeBody().within(function () {\n  cy.get('.product-title').then(function ($pName) {\n    expect($pName).to.have.text(searchWord);\n  });\n});",
                  "err": {},
                  "uuid": "1b6b2a93-4648-4d48-92fc-0d5a76678a99",
                  "parentUUID": "470f75a9-f9f6-432f-9637-3d8b223f8e32",
                  "isHook": false,
                  "skipped": false
                },
                {
                  "title": "Search any one-word match with product name",
                  "fullTitle": "Verify search and advance search Home Search button Search any one-word match with product name",
                  "timedOut": null,
                  "duration": 3163,
                  "state": "passed",
                  "speed": "slow",
                  "pass": true,
                  "fail": false,
                  "pending": false,
                  "context": null,
                  "code": "var searchWord = 'MacBook';\n_search[\"default\"].search(searchWord);\ngetIframeBody().within(function () {\n  cy.get('.product-title').then(function ($pName) {\n    expect($pName).to.contain(searchWord);\n  });\n});",
                  "err": {},
                  "uuid": "4a085af1-2132-4eca-8e8c-86ac9ab5a765",
                  "parentUUID": "470f75a9-f9f6-432f-9637-3d8b223f8e32",
                  "isHook": false,
                  "skipped": false
                },
                {
                  "title": "Search upper and lower case combination",
                  "fullTitle": "Verify search and advance search Home Search button Search upper and lower case combination",
                  "timedOut": null,
                  "duration": 3364,
                  "state": "passed",
                  "speed": "slow",
                  "pass": true,
                  "fail": false,
                  "pending": false,
                  "context": null,
                  "code": "var searchWord = 'MACBook';\n_search[\"default\"].search(searchWord);\ngetIframeBody().within(function () {\n  cy.get('.product-grid').should('be.visible');\n});",
                  "err": {},
                  "uuid": "6b9d884e-82d6-47bc-9d25-38040c709cde",
                  "parentUUID": "470f75a9-f9f6-432f-9637-3d8b223f8e32",
                  "isHook": false,
                  "skipped": false
                }
              ],
              "suites": [],
              "passes": [
                "a2f69d88-8915-447c-b0ed-ad8dabf5ffe6",
                "cfa5dff0-811e-4169-8171-73411ad39b59",
                "1b6b2a93-4648-4d48-92fc-0d5a76678a99",
                "4a085af1-2132-4eca-8e8c-86ac9ab5a765",
                "6b9d884e-82d6-47bc-9d25-38040c709cde"
              ],
              "failures": [
                "77b7fa21-bccc-4fcf-a720-fa3e40984c44",
                "2699ea2a-914e-4aeb-bfb3-68fb401a9d55",
                "c1b590f9-ddf1-469b-882a-108485ea146a",
                "a3f69970-8086-469d-959e-35771d4a6af8",
                "8d1c9057-5368-4d32-8c1d-5bcb7e9028f8",
                "d1f6d508-9f2a-4e26-ae80-8d866a0d538a",
                "3455d00c-a6df-4c41-b042-67457a98f6ec",
                "4c54409d-418c-4352-bc0a-17d6e5bf6ae2",
                "9a704dac-e35c-47b7-9cb1-3d7e802d6f19",
                "07708742-dcdf-4ad5-8657-74a2d8bfa84b"
              ],
              "pending": [],
              "skipped": [],
              "duration": 151737,
              "root": false,
              "rootEmpty": false,
              "_timeout": 2000
            },
            {
              "uuid": "783830a1-6892-4e49-b539-95db52884a99",
              "title": "Verify advance search",
              "fullFile": "",
              "file": "",
              "beforeHooks": [],
              "afterHooks": [],
              "tests": [
                {
                  "title": "Click on advance search",
                  "fullTitle": "Verify search and advance search Verify advance search Click on advance search",
                  "timedOut": null,
                  "duration": 12874,
                  "state": "failed",
                  "speed": null,
                  "pass": false,
                  "fail": true,
                  "pending": false,
                  "context": null,
                  "code": "_search[\"default\"].search(randomSearch);\n_searchAssertions[\"default\"].storesearchAssertions();\n_search[\"default\"].navigateToAdvanceSearchInValidProductName(randomSearch);\n_searchAssertions[\"default\"].advancedSearchAssertions();",
                  "err": {
                    "message": "AssertionError: Timed out retrying: expected '<h1>' to have text 'Search the store', but the text was 'Search'",
                    "estack": "AssertionError: Timed out retrying: expected '<h1>' to have text 'Search the store', but the text was 'Search'\n    at Context.eval (https://frontend.nopcommerce.com/__cypress/tests?p=cypress\\integration\\search.spec.js:608:18)",
                    "diff": "- 'Search'\n+ 'Search the store'\n"
                  },
                  "uuid": "7bca406a-f024-4ac8-8ccd-bba0dab911e1",
                  "parentUUID": "783830a1-6892-4e49-b539-95db52884a99",
                  "isHook": false,
                  "skipped": false
                },
                {
                  "title": "Search with the empty  search term in advance search",
                  "fullTitle": "Verify search and advance search Verify advance search Search with the empty  search term in advance search",
                  "timedOut": null,
                  "duration": 7971,
                  "state": "passed",
                  "speed": "slow",
                  "pass": true,
                  "fail": false,
                  "pending": false,
                  "context": null,
                  "code": "_search[\"default\"].navigateToAdvanceSearchInValidProductName(randomSearch);\ngetIframeBody().within(function () {\n  cy.get('.search-button').click();\n  cy.wait(2000);\n});\n_searchAssertions[\"default\"].getadvancedSearchWarning();",
                  "err": {},
                  "uuid": "da1143dc-69f4-4ffc-ac84-74c3299964bc",
                  "parentUUID": "783830a1-6892-4e49-b539-95db52884a99",
                  "isHook": false,
                  "skipped": false
                },
                {
                  "title": "advance search input field with placeholder text",
                  "fullTitle": "Verify search and advance search Verify advance search advance search input field with placeholder text",
                  "timedOut": null,
                  "duration": 13651,
                  "state": "failed",
                  "speed": null,
                  "pass": false,
                  "fail": true,
                  "pending": false,
                  "context": null,
                  "code": "_search[\"default\"].navigateToAdvanceSearchInValidProductName(randomSearch);\ngetIframeBody().find('#q').should('have.attr', 'placeholder', 'Enter your search item here');",
                  "err": {
                    "message": "AssertionError: Timed out retrying: expected '<input#q.search-text>' to have attribute 'placeholder'",
                    "estack": "AssertionError: Timed out retrying: expected '<input#q.search-text>' to have attribute 'placeholder'\n    at Context.eval (https://frontend.nopcommerce.com/__cypress/tests?p=cypress\\integration\\search.spec.js:332:34)",
                    "diff": null
                  },
                  "uuid": "0b21edb2-be8b-49cb-947b-5fa6ec94a3f0",
                  "parentUUID": "783830a1-6892-4e49-b539-95db52884a99",
                  "isHook": false,
                  "skipped": false
                },
                {
                  "title": "Search one word in advance search",
                  "fullTitle": "Verify search and advance search Verify advance search Search one word in advance search",
                  "timedOut": null,
                  "duration": 9277,
                  "state": "passed",
                  "speed": "slow",
                  "pass": true,
                  "fail": false,
                  "pending": false,
                  "context": null,
                  "code": "var existingProductName = 'Apple MacBook Pro 13-inch';\n_search[\"default\"].navigateToAdvanceSearchInValidProductName(randomSearch);\ngetIframeBody().within(function () {\n  cy.get('#q').type(existingProductName);\n});\ngetIframeBody().within(function () {\n  cy.get('.search-button').click();\n  cy.wait(2000);\n});\n_searchAssertions[\"default\"].getResults();",
                  "err": {},
                  "uuid": "4f113347-5ff9-47c2-9409-ed7b04c7bc17",
                  "parentUUID": "783830a1-6892-4e49-b539-95db52884a99",
                  "isHook": false,
                  "skipped": false
                },
                {
                  "title": "Un check the advance search check box",
                  "fullTitle": "Verify search and advance search Verify advance search Un check the advance search check box",
                  "timedOut": null,
                  "duration": 5933,
                  "state": "passed",
                  "speed": "slow",
                  "pass": true,
                  "fail": false,
                  "pending": false,
                  "context": null,
                  "code": "_search[\"default\"].navigateToAdvanceSearchInValidProductName(randomSearch);\n_searchAssertions[\"default\"].advancedSearchAssertions();\ngetIframeBody().within(function () {\n  cy.get('#adv').click({\n    force: true\n  });\n});\n_searchAssertions[\"default\"].uncheckAdvancedSearchAssertion();",
                  "err": {},
                  "uuid": "8bd3033b-7285-4760-b138-2bffd9e25df7",
                  "parentUUID": "783830a1-6892-4e49-b539-95db52884a99",
                  "isHook": false,
                  "skipped": false
                },
                {
                  "title": "Verify all category values",
                  "fullTitle": "Verify search and advance search Verify advance search Verify all category values",
                  "timedOut": null,
                  "duration": 6609,
                  "state": "failed",
                  "speed": null,
                  "pass": false,
                  "fail": true,
                  "pending": false,
                  "context": null,
                  "code": "_search[\"default\"].navigateToAdvanceSearchInValidProductName(randomSearch);\n_searchAssertions[\"default\"].getCategoryValues();",
                  "err": {
                    "message": "AssertionError: expected '<option>' to contain [ 'Apparel' ]",
                    "estack": "AssertionError: expected '<option>' to contain [ 'Apparel' ]\n    at Context.eval (https://frontend.nopcommerce.com/__cypress/tests?p=cypress\\integration\\search.spec.js:667:30)",
                    "diff": null
                  },
                  "uuid": "c3b9927a-11a2-4d12-b113-2de378c4da0d",
                  "parentUUID": "783830a1-6892-4e49-b539-95db52884a99",
                  "isHook": false,
                  "skipped": false
                },
                {
                  "title": "Verify manufacture values",
                  "fullTitle": "Verify search and advance search Verify advance search Verify manufacture values",
                  "timedOut": null,
                  "duration": 5846,
                  "state": "failed",
                  "speed": null,
                  "pass": false,
                  "fail": true,
                  "pending": false,
                  "context": null,
                  "code": "_search[\"default\"].navigateToAdvanceSearchInValidProductName(randomSearch);\n_searchAssertions[\"default\"].getManufactureValues();",
                  "err": {
                    "message": "AssertionError: expected '<option>' to contain [ 'Apple' ]",
                    "estack": "AssertionError: expected '<option>' to contain [ 'Apple' ]\n    at Context.eval (https://frontend.nopcommerce.com/__cypress/tests?p=cypress\\integration\\search.spec.js:691:30)",
                    "diff": null
                  },
                  "uuid": "09182614-0f3f-4136-b228-d694b6fecdcf",
                  "parentUUID": "783830a1-6892-4e49-b539-95db52884a99",
                  "isHook": false,
                  "skipped": false
                },
                {
                  "title": "Verify Catergory with Manufature values",
                  "fullTitle": "Verify search and advance search Verify advance search Verify Catergory with Manufature values",
                  "timedOut": null,
                  "duration": 10489,
                  "state": "failed",
                  "speed": null,
                  "pass": false,
                  "fail": true,
                  "pending": false,
                  "context": null,
                  "code": "var productNames = 'Cam';\n_search[\"default\"].navigateToAdvanceSearchInValidProductName(randomSearch);\n_searchAssertions[\"default\"].getCatergoryWithManufatureValues(productNames);\n_searchAssertions[\"default\"].getResults();\ngetIframeBody().within(function () {\n  cy.get('.product-title').then(function ($pName) {\n    expect($pName).to.contain(productName);\n  });\n});",
                  "err": {
                    "message": "AssertionError: expected '<h2.product-title>' to contain 'Book'",
                    "estack": "AssertionError: expected '<h2.product-title>' to contain 'Book'\n    at Context.eval (https://frontend.nopcommerce.com/__cypress/tests?p=cypress\\integration\\search.spec.js:383:29)",
                    "diff": null
                  },
                  "uuid": "4903c087-b373-4440-a1f2-1885ba13bb0c",
                  "parentUUID": "783830a1-6892-4e49-b539-95db52884a99",
                  "isHook": false,
                  "skipped": false
                },
                {
                  "title": "Search based on Price range",
                  "fullTitle": "Verify search and advance search Verify advance search Search based on Price range",
                  "timedOut": null,
                  "duration": 11411,
                  "state": "passed",
                  "speed": "slow",
                  "pass": true,
                  "fail": false,
                  "pending": false,
                  "context": null,
                  "code": "_search[\"default\"].navigateToAdvanceSearchInValidProductName(randomSearch);\n_searchAssertions[\"default\"].beforePriceRange(productName);\n_searchAssertions[\"default\"].afterPriceRange();",
                  "err": {},
                  "uuid": "ac7549af-5a14-4c6b-af8a-82d3012aa69a",
                  "parentUUID": "783830a1-6892-4e49-b539-95db52884a99",
                  "isHook": false,
                  "skipped": false
                },
                {
                  "title": "Choose strings as price",
                  "fullTitle": "Verify search and advance search Verify advance search Choose strings as price",
                  "timedOut": null,
                  "duration": 19315,
                  "state": "failed",
                  "speed": null,
                  "pass": false,
                  "fail": true,
                  "pending": false,
                  "context": null,
                  "code": "_search[\"default\"].navigateToAdvanceSearchInValidProductName(randomSearch);\n_searchAssertions[\"default\"].priceAsStrings(productName);\n_searchAssertions[\"default\"].resultsNotVisible();",
                  "err": {
                    "message": "AssertionError: Timed out retrying: expected '<div.product-grid>' not to be 'visible'",
                    "estack": "AssertionError: Timed out retrying: expected '<div.product-grid>' not to be 'visible'\n    at Context.eval (https://frontend.nopcommerce.com/__cypress/tests?p=cypress\\integration\\search.spec.js:741:29)",
                    "diff": null
                  },
                  "uuid": "b0fb54e0-b157-413c-84f0-0e18da04bac3",
                  "parentUUID": "783830a1-6892-4e49-b539-95db52884a99",
                  "isHook": false,
                  "skipped": false
                },
                {
                  "title": "Apply Search In product descriptions",
                  "fullTitle": "Verify search and advance search Verify advance search Apply Search In product descriptions",
                  "timedOut": null,
                  "duration": 10945,
                  "state": "passed",
                  "speed": "slow",
                  "pass": true,
                  "fail": false,
                  "pending": false,
                  "context": null,
                  "code": "_search[\"default\"].navigateToAdvanceSearchInValidProductName(randomSearch);\n_searchAssertions[\"default\"].productDescriptions();",
                  "err": {},
                  "uuid": "f359ea31-7a94-45eb-a8fb-0a0e8ab31bb6",
                  "parentUUID": "783830a1-6892-4e49-b539-95db52884a99",
                  "isHook": false,
                  "skipped": false
                }
              ],
              "suites": [],
              "passes": [
                "da1143dc-69f4-4ffc-ac84-74c3299964bc",
                "4f113347-5ff9-47c2-9409-ed7b04c7bc17",
                "8bd3033b-7285-4760-b138-2bffd9e25df7",
                "ac7549af-5a14-4c6b-af8a-82d3012aa69a",
                "f359ea31-7a94-45eb-a8fb-0a0e8ab31bb6"
              ],
              "failures": [
                "7bca406a-f024-4ac8-8ccd-bba0dab911e1",
                "0b21edb2-be8b-49cb-947b-5fa6ec94a3f0",
                "c3b9927a-11a2-4d12-b113-2de378c4da0d",
                "09182614-0f3f-4136-b228-d694b6fecdcf",
                "4903c087-b373-4440-a1f2-1885ba13bb0c",
                "b0fb54e0-b157-413c-84f0-0e18da04bac3"
              ],
              "pending": [],
              "skipped": [],
              "duration": 114321,
              "root": false,
              "rootEmpty": false,
              "_timeout": 2000
            },
            {
              "uuid": "10ebf6c1-d307-4e13-b849-c14960eda5b6",
              "title": "Filters and results",
              "fullFile": "",
              "file": "",
              "beforeHooks": [],
              "afterHooks": [],
              "tests": [
                {
                  "title": "Apply sort filter",
                  "fullTitle": "Verify search and advance search Filters and results Apply sort filter",
                  "timedOut": null,
                  "duration": 4696,
                  "state": "passed",
                  "speed": "slow",
                  "pass": true,
                  "fail": false,
                  "pending": false,
                  "context": null,
                  "code": "_search[\"default\"].search(productName);\n_search[\"default\"].sortBy();",
                  "err": {},
                  "uuid": "e3e9999b-53ee-4c7b-a1e1-4df2db888b43",
                  "parentUUID": "10ebf6c1-d307-4e13-b849-c14960eda5b6",
                  "isHook": false,
                  "skipped": false
                },
                {
                  "title": "Results for page",
                  "fullTitle": "Verify search and advance search Filters and results Results for page",
                  "timedOut": null,
                  "duration": 12127,
                  "state": "failed",
                  "speed": null,
                  "pass": false,
                  "fail": true,
                  "pending": false,
                  "context": null,
                  "code": "_search[\"default\"].search(productName);\n_search[\"default\"].ResultsForPage();",
                  "err": {
                    "message": "AssertionError: Timed out retrying: expected '<div.product-page-size>' to contain 'Show results for page'",
                    "estack": "AssertionError: Timed out retrying: expected '<div.product-page-size>' to contain 'Show results for page'\n    at Context.eval (https://frontend.nopcommerce.com/__cypress/tests?p=cypress\\integration\\search.spec.js:529:34)",
                    "diff": null
                  },
                  "uuid": "776c1627-6cc1-40b0-b9c2-3b9dbbad5a3d",
                  "parentUUID": "10ebf6c1-d307-4e13-b849-c14960eda5b6",
                  "isHook": false,
                  "skipped": false
                },
                {
                  "title": "Grid view layout icon",
                  "fullTitle": "Verify search and advance search Filters and results Grid view layout icon",
                  "timedOut": null,
                  "duration": 12397,
                  "state": "failed",
                  "speed": null,
                  "pass": false,
                  "fail": true,
                  "pending": false,
                  "context": null,
                  "code": "_search[\"default\"].search(productName);\n_search[\"default\"].GridViewLayout();",
                  "err": {
                    "message": "AssertionError: Timed out retrying: expected '<div.product-viewmode>' to have class 'active'",
                    "estack": "AssertionError: Timed out retrying: expected '<div.product-viewmode>' to have class 'active'\n    at Context.eval (https://frontend.nopcommerce.com/__cypress/tests?p=cypress\\integration\\search.spec.js:542:33)",
                    "diff": null
                  },
                  "uuid": "17541a12-9861-4301-b12a-668deb80fd89",
                  "parentUUID": "10ebf6c1-d307-4e13-b849-c14960eda5b6",
                  "isHook": false,
                  "skipped": false
                },
                {
                  "title": "Search results",
                  "fullTitle": "Verify search and advance search Filters and results Search results",
                  "timedOut": null,
                  "duration": 4742,
                  "state": "passed",
                  "speed": "slow",
                  "pass": true,
                  "fail": false,
                  "pending": false,
                  "context": null,
                  "code": "_search[\"default\"].search(productName);\n_searchAssertions[\"default\"].getResults();\ngetIframeBody().within(function () {\n  cy.get('.item-box').then(function ($el) {\n    expect($el).to.have.length(4);\n  });\n});",
                  "err": {},
                  "uuid": "f0f11328-ae92-455d-ad1b-5272446f1fd9",
                  "parentUUID": "10ebf6c1-d307-4e13-b849-c14960eda5b6",
                  "isHook": false,
                  "skipped": false
                },
                {
                  "title": "Navigate to the product page using image",
                  "fullTitle": "Verify search and advance search Filters and results Navigate to the product page using image",
                  "timedOut": null,
                  "duration": 5459,
                  "state": "passed",
                  "speed": "slow",
                  "pass": true,
                  "fail": false,
                  "pending": false,
                  "context": null,
                  "code": "_search[\"default\"].search(pName);\n_search[\"default\"].clickByPImage();\n_search[\"default\"].navigateToNewpage(pName);",
                  "err": {},
                  "uuid": "1a4b26f1-aeeb-417c-8205-1772c1dd84e3",
                  "parentUUID": "10ebf6c1-d307-4e13-b849-c14960eda5b6",
                  "isHook": false,
                  "skipped": false
                },
                {
                  "title": "Navigate to the product page using name",
                  "fullTitle": "Verify search and advance search Filters and results Navigate to the product page using name",
                  "timedOut": null,
                  "duration": 5481,
                  "state": "passed",
                  "speed": "slow",
                  "pass": true,
                  "fail": false,
                  "pending": false,
                  "context": null,
                  "code": "_search[\"default\"].search(pName);\n_search[\"default\"].clickByPName(pName);\n_search[\"default\"].navigateToNewpage(pName);",
                  "err": {},
                  "uuid": "d0b12c2a-cb45-455e-8fbf-b2f225d309a7",
                  "parentUUID": "10ebf6c1-d307-4e13-b849-c14960eda5b6",
                  "isHook": false,
                  "skipped": false
                }
              ],
              "suites": [],
              "passes": [
                "e3e9999b-53ee-4c7b-a1e1-4df2db888b43",
                "f0f11328-ae92-455d-ad1b-5272446f1fd9",
                "1a4b26f1-aeeb-417c-8205-1772c1dd84e3",
                "d0b12c2a-cb45-455e-8fbf-b2f225d309a7"
              ],
              "failures": [
                "776c1627-6cc1-40b0-b9c2-3b9dbbad5a3d",
                "17541a12-9861-4301-b12a-668deb80fd89"
              ],
              "pending": [],
              "skipped": [],
              "duration": 44902,
              "root": false,
              "rootEmpty": false,
              "_timeout": 2000
            }
          ],
          "passes": [],
          "failures": [],
          "pending": [],
          "skipped": [],
          "duration": 0,
          "root": false,
          "rootEmpty": false,
          "_timeout": 2000
        }
      ],
      "passes": [],
      "failures": [],
      "pending": [],
      "skipped": [],
      "duration": 0,
      "root": true,
      "rootEmpty": true,
      "_timeout": 2000
    }
  ],
  "meta": {
    "mocha": {
      "version": "7.0.1"
    },
    "mochawesome": {
      "options": {
        "quiet": true,
        "reportFilename": "mochawesome",
        "saveHtml": true,
        "saveJson": true,
        "consoleReporter": "spec",
        "useInlineDiffs": false,
        "code": true
      },
      "version": "5.0.0"
    },
    "marge": {
      "options": {
        "id": "default",
        "reportDir": "reports",
        "quiet": true,
        "overwrite": false,
        "html": true,
        "json": true
      },
      "version": "4.1.0"
    }
  }
}