{
  "stats": {
    "suites": 4,
    "tests": 32,
    "passes": 14,
    "pending": 0,
    "failures": 18,
    "start": "2020-12-01T22:00:54.132Z",
    "end": "2020-12-01T22:06:16.442Z",
    "duration": 322310,
    "testsRegistered": 32,
    "passPercent": 43.75,
    "pendingPercent": 0,
    "other": 0,
    "hasOther": false,
    "skipped": 0,
    "hasSkipped": false
  },
  "results": [
    {
      "uuid": "20cf723b-8676-49af-aecf-fc7b7c1d7514",
      "title": "",
      "fullFile": "cypress\\integration\\search.spec.js",
      "file": "cypress\\integration\\search.spec.js",
      "beforeHooks": [],
      "afterHooks": [],
      "tests": [],
      "suites": [
        {
          "uuid": "6f8e572c-4bfa-44d6-a74b-d99432fadc2e",
          "title": "Verify search and advance search",
          "fullFile": "",
          "file": "",
          "beforeHooks": [],
          "afterHooks": [],
          "tests": [],
          "suites": [
            {
              "uuid": "85092bf1-a84f-44aa-9ec1-7997b2b1969d",
              "title": "Home Search button",
              "fullFile": "",
              "file": "",
              "beforeHooks": [],
              "afterHooks": [],
              "tests": [
                {
                  "title": "Search input field",
                  "fullTitle": "Verify search and advance search Home Search button Search input field",
                  "timedOut": null,
                  "duration": 5020,
                  "state": "passed",
                  "speed": "slow",
                  "pass": true,
                  "fail": false,
                  "pending": false,
                  "context": null,
                  "code": "_search[\"default\"].getSearch();",
                  "err": {},
                  "uuid": "13c424d5-a2d7-4db3-9d9b-b086caa66b10",
                  "parentUUID": "85092bf1-a84f-44aa-9ec1-7997b2b1969d",
                  "isHook": false,
                  "skipped": false
                },
                {
                  "title": "Search input field with placeholder text",
                  "fullTitle": "Verify search and advance search Home Search button Search input field with placeholder text",
                  "timedOut": null,
                  "duration": 11115,
                  "state": "failed",
                  "speed": null,
                  "pass": false,
                  "fail": true,
                  "pending": false,
                  "context": null,
                  "code": "_search[\"default\"].getSearch();\ngetIframeBody().find('#small-searchterms').should('have.attr', 'placeholder', 'Search item');",
                  "err": {
                    "message": "AssertionError: Timed out retrying: expected '<input#small-searchterms.search-box-text.ui-autocomplete-input>' to have attribute 'placeholder' with the value 'Search item', but the value was 'Search store'",
                    "estack": "AssertionError: Timed out retrying: expected '<input#small-searchterms.search-box-text.ui-autocomplete-input>' to have attribute 'placeholder' with the value 'Search item', but the value was 'Search store'\n    at Context.eval (https://frontend.nopcommerce.com/__cypress/tests?p=cypress\\integration\\search.spec.js:144:50)",
                    "diff": "- 'Search store'\n+ 'Search item'\n"
                  },
                  "uuid": "eef34c5e-80ab-43cd-9343-01c5bd10625d",
                  "parentUUID": "85092bf1-a84f-44aa-9ec1-7997b2b1969d",
                  "isHook": false,
                  "skipped": false
                },
                {
                  "title": "Search with an empty term",
                  "fullTitle": "Verify search and advance search Home Search button Search with an empty term",
                  "timedOut": null,
                  "duration": 14036,
                  "state": "failed",
                  "speed": null,
                  "pass": false,
                  "fail": true,
                  "pending": false,
                  "context": null,
                  "code": "cy.visit('');\ngetIframeBody().find('#small-searchterms').clear();\ncy.get('iframe').then(function ($iframe) {\n  var $body = $iframe.contents().find('body');\n  var $win = $iframe[0].contentWindow;\n  cy.stub($win, 'alert').as('windowAlert');\n  cy.wrap($body).find('.search-box-button').click().should(function () {\n    expect(this.windowAlert).to.be.calledWith('Search term minimum length is one character'); //expect(this.windowAlert).to.be.calledWith('Please enter some search keyword')\n  });\n});",
                  "err": {
                    "message": "AssertionError: Timed out retrying: expected windowAlert to have been called with arguments \"Search term minimum length is one character\"\n\n    The following calls were made:\n\n    windowAlert(\"Please enter some search keyword\") at windowAlert (https://frontend.nopcommerce.com/__cypress/runner/cypress_runner.js:140661:26)",
                    "estack": "AssertionError: Timed out retrying: expected windowAlert to have been called with arguments \"Search term minimum length is one character\"\n\n    The following calls were made:\n\n    windowAlert(\"Please enter some search keyword\") at windowAlert (https://frontend.nopcommerce.com/__cypress/runner/cypress_runner.js:140661:26)\n    at Context.eval (https://frontend.nopcommerce.com/__cypress/tests?p=cypress\\integration\\search.spec.js:154:42)",
                    "diff": null
                  },
                  "uuid": "74a98a3f-5275-4b88-bec2-a3da696a2498",
                  "parentUUID": "85092bf1-a84f-44aa-9ec1-7997b2b1969d",
                  "isHook": false,
                  "skipped": false
                },
                {
                  "title": "Search a random term",
                  "fullTitle": "Verify search and advance search Home Search button Search a random term",
                  "timedOut": null,
                  "duration": 13375,
                  "state": "failed",
                  "speed": null,
                  "pass": false,
                  "fail": true,
                  "pending": false,
                  "context": null,
                  "code": "_search[\"default\"].getSearch();\ngetIframeBody().find('#small-searchterms').type(randomSearch);\n_search[\"default\"].clickSearchButton();\ncy.wait(2000);\n_searchAssertions[\"default\"].storesearchAssertions();",
                  "err": {
                    "message": "AssertionError: Timed out retrying: expected '<h1>' to have text 'Search the store', but the text was 'Search'",
                    "estack": "AssertionError: Timed out retrying: expected '<h1>' to have text 'Search the store', but the text was 'Search'\n    at Context.eval (https://frontend.nopcommerce.com/__cypress/tests?p=cypress\\integration\\search.spec.js:608:18)",
                    "diff": "- 'Search'\n+ 'Search the store'\n"
                  },
                  "uuid": "0504b21e-7df9-4d4d-a157-b801f422357e",
                  "parentUUID": "85092bf1-a84f-44aa-9ec1-7997b2b1969d",
                  "isHook": false,
                  "skipped": false
                },
                {
                  "title": "Search same random term twice",
                  "fullTitle": "Verify search and advance search Home Search button Search same random term twice",
                  "timedOut": null,
                  "duration": 14798,
                  "state": "failed",
                  "speed": null,
                  "pass": false,
                  "fail": true,
                  "pending": false,
                  "context": null,
                  "code": "_search[\"default\"].getSearch();\nvar randomSearchTerm = faker.random.alphaNumeric(3);\ngetIframeBody().within(function () {\n  cy.get('#small-searchterms').type(randomSearchTerm);\n});\n_search[\"default\"].clickSearchButton();\ncy.wait(2000);\ngetIframeBody().within(function () {\n  cy.get('#small-searchterms').clear();\n  cy.get('#small-searchterms').type(randomSearchTerm);\n});\n_search[\"default\"].clickSearchButton();\n_searchAssertions[\"default\"].storesearchAssertions();",
                  "err": {
                    "message": "CypressError: Timed out retrying: `cy.should()` failed because this element is detached from the DOM.\n\n`<h1>Search</h1>`\n\nCypress requires elements be attached in the DOM to interact with them.\n\nThe previous command that ran was:\n\n  > `cy.within()`\n\nThis DOM element likely became detached somewhere between the previous and current command.\n\nCommon situations why this happens:\n  - Your JS framework re-rendered asynchronously\n  - Your app code reacted to an event firing and removed the element\n\nYou typically need to re-query for the element or add 'guards' which delay Cypress from running new commands.\n\nhttps://on.cypress.io/element-has-detached-from-dom",
                    "estack": "CypressError: Timed out retrying: `cy.should()` failed because this element is detached from the DOM.\n\n`<h1>Search</h1>`\n\nCypress requires elements be attached in the DOM to interact with them.\n\nThe previous command that ran was:\n\n  > `cy.within()`\n\nThis DOM element likely became detached somewhere between the previous and current command.\n\nCommon situations why this happens:\n  - Your JS framework re-rendered asynchronously\n  - Your app code reacted to an event firing and removed the element\n\nYou typically need to re-query for the element or add 'guards' which delay Cypress from running new commands.\n\nhttps://on.cypress.io/element-has-detached-from-dom\n    at $Cy.ensureAttached (https://frontend.nopcommerce.com/__cypress/runner/cypress_runner.js:161156:24)\n    at applyChainers (https://frontend.nopcommerce.com/__cypress/runner/cypress_runner.js:154696:12)\n    at tryCatcher (https://frontend.nopcommerce.com/__cypress/runner/cypress_runner.js:10584:23)\n    at Function.Promise.attempt.Promise.try (https://frontend.nopcommerce.com/__cypress/runner/cypress_runner.js:7858:29)\n    at Context.shouldFn (https://frontend.nopcommerce.com/__cypress/runner/cypress_runner.js:154728:23)\n    at Context.should (https://frontend.nopcommerce.com/__cypress/runner/cypress_runner.js:154746:23)\n    at https://frontend.nopcommerce.com/__cypress/runner/cypress_runner.js:150463:39\n    at assertions (https://frontend.nopcommerce.com/__cypress/runner/cypress_runner.js:150715:14)\n    at tryCatcher (https://frontend.nopcommerce.com/__cypress/runner/cypress_runner.js:10584:23)\n    at Object.gotValue (https://frontend.nopcommerce.com/__cypress/runner/cypress_runner.js:9728:18)\n    at Object.gotAccum (https://frontend.nopcommerce.com/__cypress/runner/cypress_runner.js:9715:25)\n    at Object.tryCatcher (https://frontend.nopcommerce.com/__cypress/runner/cypress_runner.js:10584:23)\n    at Promise._settlePromiseFromHandler (https://frontend.nopcommerce.com/__cypress/runner/cypress_runner.js:8519:31)\n    at Promise._settlePromise (https://frontend.nopcommerce.com/__cypress/runner/cypress_runner.js:8576:18)\n    at Promise._settlePromiseCtx (https://frontend.nopcommerce.com/__cypress/runner/cypress_runner.js:8613:10)\n    at _drainQueueStep (https://frontend.nopcommerce.com/__cypress/runner/cypress_runner.js:5295:12)\nFrom Your Spec Code:\n    at Context.eval (https://frontend.nopcommerce.com/__cypress/tests?p=cypress\\integration\\search.spec.js:608:18)",
                    "diff": null
                  },
                  "uuid": "f497cf1e-3b62-473b-bb48-8cd768ca1a69",
                  "parentUUID": "85092bf1-a84f-44aa-9ec1-7997b2b1969d",
                  "isHook": false,
                  "skipped": false
                },
                {
                  "title": "Search twice with updated random search term",
                  "fullTitle": "Verify search and advance search Home Search button Search twice with updated random search term",
                  "timedOut": null,
                  "duration": 15589,
                  "state": "failed",
                  "speed": null,
                  "pass": false,
                  "fail": true,
                  "pending": false,
                  "context": null,
                  "code": "_search[\"default\"].getSearch();\ngetIframeBody().within(function () {\n  cy.get('#small-searchterms').type(faker.random.alphaNumeric(3));\n});\n_search[\"default\"].clickSearchButton();\ncy.wait(2000);\ngetIframeBody().within(function () {\n  cy.get('#small-searchterms').clear();\n  cy.get('#small-searchterms').type(faker.random.alphaNumeric(3));\n});\n_search[\"default\"].clickSearchButton();\n_searchAssertions[\"default\"].storesearchAssertions();",
                  "err": {
                    "message": "CypressError: Timed out retrying: `cy.should()` failed because this element is detached from the DOM.\n\n`<h1>Search</h1>`\n\nCypress requires elements be attached in the DOM to interact with them.\n\nThe previous command that ran was:\n\n  > `cy.within()`\n\nThis DOM element likely became detached somewhere between the previous and current command.\n\nCommon situations why this happens:\n  - Your JS framework re-rendered asynchronously\n  - Your app code reacted to an event firing and removed the element\n\nYou typically need to re-query for the element or add 'guards' which delay Cypress from running new commands.\n\nhttps://on.cypress.io/element-has-detached-from-dom",
                    "estack": "CypressError: Timed out retrying: `cy.should()` failed because this element is detached from the DOM.\n\n`<h1>Search</h1>`\n\nCypress requires elements be attached in the DOM to interact with them.\n\nThe previous command that ran was:\n\n  > `cy.within()`\n\nThis DOM element likely became detached somewhere between the previous and current command.\n\nCommon situations why this happens:\n  - Your JS framework re-rendered asynchronously\n  - Your app code reacted to an event firing and removed the element\n\nYou typically need to re-query for the element or add 'guards' which delay Cypress from running new commands.\n\nhttps://on.cypress.io/element-has-detached-from-dom\n    at $Cy.ensureAttached (https://frontend.nopcommerce.com/__cypress/runner/cypress_runner.js:161156:24)\n    at applyChainers (https://frontend.nopcommerce.com/__cypress/runner/cypress_runner.js:154696:12)\n    at tryCatcher (https://frontend.nopcommerce.com/__cypress/runner/cypress_runner.js:10584:23)\n    at Function.Promise.attempt.Promise.try (https://frontend.nopcommerce.com/__cypress/runner/cypress_runner.js:7858:29)\n    at Context.shouldFn (https://frontend.nopcommerce.com/__cypress/runner/cypress_runner.js:154728:23)\n    at Context.should (https://frontend.nopcommerce.com/__cypress/runner/cypress_runner.js:154746:23)\n    at https://frontend.nopcommerce.com/__cypress/runner/cypress_runner.js:150463:39\n    at assertions (https://frontend.nopcommerce.com/__cypress/runner/cypress_runner.js:150715:14)\n    at tryCatcher (https://frontend.nopcommerce.com/__cypress/runner/cypress_runner.js:10584:23)\n    at Object.gotValue (https://frontend.nopcommerce.com/__cypress/runner/cypress_runner.js:9728:18)\n    at Object.gotAccum (https://frontend.nopcommerce.com/__cypress/runner/cypress_runner.js:9715:25)\n    at Object.tryCatcher (https://frontend.nopcommerce.com/__cypress/runner/cypress_runner.js:10584:23)\n    at Promise._settlePromiseFromHandler (https://frontend.nopcommerce.com/__cypress/runner/cypress_runner.js:8519:31)\n    at Promise._settlePromise (https://frontend.nopcommerce.com/__cypress/runner/cypress_runner.js:8576:18)\n    at Promise._settlePromiseCtx (https://frontend.nopcommerce.com/__cypress/runner/cypress_runner.js:8613:10)\n    at _drainQueueStep (https://frontend.nopcommerce.com/__cypress/runner/cypress_runner.js:5295:12)\nFrom Your Spec Code:\n    at Context.eval (https://frontend.nopcommerce.com/__cypress/tests?p=cypress\\integration\\search.spec.js:608:18)",
                    "diff": null
                  },
                  "uuid": "45269f77-3f05-4672-b466-9b42f46a18b6",
                  "parentUUID": "85092bf1-a84f-44aa-9ec1-7997b2b1969d",
                  "isHook": false,
                  "skipped": false
                },
                {
                  "title": "Search with 1 character",
                  "fullTitle": "Verify search and advance search Home Search button Search with 1 character",
                  "timedOut": null,
                  "duration": 14477,
                  "state": "failed",
                  "speed": null,
                  "pass": false,
                  "fail": true,
                  "pending": false,
                  "context": null,
                  "code": "_search[\"default\"].getSearch();\ngetIframeBody().within(function () {\n  cy.get('#small-searchterms').type(faker.random.alphaNumeric(1));\n});\n_search[\"default\"].clickSearchButton();\ncy.wait(2000);\n_searchAssertions[\"default\"].storesearchAssertions();",
                  "err": {
                    "message": "AssertionError: Timed out retrying: expected '<h1>' to have text 'Search the store', but the text was 'Search'",
                    "estack": "AssertionError: Timed out retrying: expected '<h1>' to have text 'Search the store', but the text was 'Search'\n    at Context.eval (https://frontend.nopcommerce.com/__cypress/tests?p=cypress\\integration\\search.spec.js:608:18)",
                    "diff": "- 'Search'\n+ 'Search the store'\n"
                  },
                  "uuid": "bf43a663-4a47-40b7-9576-e6baa50deb3a",
                  "parentUUID": "85092bf1-a84f-44aa-9ec1-7997b2b1969d",
                  "isHook": false,
                  "skipped": false
                },
                {
                  "title": "Search with one word",
                  "fullTitle": "Verify search and advance search Home Search button Search with one word",
                  "timedOut": null,
                  "duration": 14435,
                  "state": "failed",
                  "speed": null,
                  "pass": false,
                  "fail": true,
                  "pending": false,
                  "context": null,
                  "code": "_search[\"default\"].getSearch();\ngetIframeBody().within(function () {\n  cy.get('#small-searchterms').type(faker.random.word());\n});\n_search[\"default\"].clickSearchButton();\ncy.wait(2000);\n_searchAssertions[\"default\"].storesearchAssertions();",
                  "err": {
                    "message": "AssertionError: Timed out retrying: expected '<h1>' to have text 'Search the store', but the text was 'Search'",
                    "estack": "AssertionError: Timed out retrying: expected '<h1>' to have text 'Search the store', but the text was 'Search'\n    at Context.eval (https://frontend.nopcommerce.com/__cypress/tests?p=cypress\\integration\\search.spec.js:608:18)",
                    "diff": "- 'Search'\n+ 'Search the store'\n"
                  },
                  "uuid": "c3287f62-2dfc-4770-8b44-2277cd504810",
                  "parentUUID": "85092bf1-a84f-44aa-9ec1-7997b2b1969d",
                  "isHook": false,
                  "skipped": false
                },
                {
                  "title": "Clear search results",
                  "fullTitle": "Verify search and advance search Home Search button Clear search results",
                  "timedOut": null,
                  "duration": 17003,
                  "state": "failed",
                  "speed": null,
                  "pass": false,
                  "fail": true,
                  "pending": false,
                  "context": null,
                  "code": "_search[\"default\"].getSearch();\ngetIframeBody().within(function () {\n  cy.get('#small-searchterms').type('Book');\n  cy.wait(2000);\n  cy.get('.search-box-button').click();\n  cy.wait(2000);\n});\n_searchAssertions[\"default\"].getResults();\ngetIframeBody().within(function () {\n  cy.get('.search-text').clear();\n  cy.get('.product-grid').should('not.be.visible');\n});",
                  "err": {
                    "message": "AssertionError: Timed out retrying: expected '<div.product-grid>' not to be 'visible'",
                    "estack": "AssertionError: Timed out retrying: expected '<div.product-grid>' not to be 'visible'\n    at Context.eval (https://frontend.nopcommerce.com/__cypress/tests?p=cypress\\integration\\search.spec.js:248:33)",
                    "diff": null
                  },
                  "uuid": "a61b869e-1560-4915-9509-80443c7d81fb",
                  "parentUUID": "85092bf1-a84f-44aa-9ec1-7997b2b1969d",
                  "isHook": false,
                  "skipped": false
                },
                {
                  "title": "Search multiple words in the search filed",
                  "fullTitle": "Verify search and advance search Home Search button Search multiple words in the search filed",
                  "timedOut": null,
                  "duration": 13956,
                  "state": "failed",
                  "speed": null,
                  "pass": false,
                  "fail": true,
                  "pending": false,
                  "context": null,
                  "code": "var Searchterm = faker.commerce.productName();\n_search[\"default\"].search(Searchterm);\n_searchAssertions[\"default\"].storesearchAssertions();",
                  "err": {
                    "message": "AssertionError: Timed out retrying: expected '<h1>' to have text 'Search the store', but the text was 'Search'",
                    "estack": "AssertionError: Timed out retrying: expected '<h1>' to have text 'Search the store', but the text was 'Search'\n    at Context.eval (https://frontend.nopcommerce.com/__cypress/tests?p=cypress\\integration\\search.spec.js:608:18)",
                    "diff": "- 'Search'\n+ 'Search the store'\n"
                  },
                  "uuid": "9b1e9326-0a56-4c58-8973-ed12cc0c98e3",
                  "parentUUID": "85092bf1-a84f-44aa-9ec1-7997b2b1969d",
                  "isHook": false,
                  "skipped": false
                },
                {
                  "title": "Search product First word last and Last word first",
                  "fullTitle": "Verify search and advance search Home Search button Search product First word last and Last word first",
                  "timedOut": null,
                  "duration": 13053,
                  "state": "failed",
                  "speed": null,
                  "pass": false,
                  "fail": true,
                  "pending": false,
                  "context": null,
                  "code": "var term = 'Book Apple';\n_search[\"default\"].search(term);\n_searchAssertions[\"default\"].storesearchAssertions();",
                  "err": {
                    "message": "AssertionError: Timed out retrying: expected '<h1>' to have text 'Search the store', but the text was 'Search'",
                    "estack": "AssertionError: Timed out retrying: expected '<h1>' to have text 'Search the store', but the text was 'Search'\n    at Context.eval (https://frontend.nopcommerce.com/__cypress/tests?p=cypress\\integration\\search.spec.js:608:18)",
                    "diff": "- 'Search'\n+ 'Search the store'\n"
                  },
                  "uuid": "4527a9ef-ca35-474e-938c-cb78f8ec3278",
                  "parentUUID": "85092bf1-a84f-44aa-9ec1-7997b2b1969d",
                  "isHook": false,
                  "skipped": false
                },
                {
                  "title": "verify Search suggestions while typing",
                  "fullTitle": "Verify search and advance search Home Search button verify Search suggestions while typing",
                  "timedOut": null,
                  "duration": 3344,
                  "state": "passed",
                  "speed": "slow",
                  "pass": true,
                  "fail": false,
                  "pending": false,
                  "context": null,
                  "code": "_search[\"default\"].getSearch();\ngetIframeBody().within(function () {\n  cy.get('#small-searchterms').type('Book ');\n});\ngetIframeBody().find('#ui-id-1').find('li').should(function ($el) {\n  expect($el).to.have.length(4);\n  expect($el).to.have.length > 1;\n});",
                  "err": {},
                  "uuid": "03a2c510-5037-45ae-b9c4-3d62490371bd",
                  "parentUUID": "85092bf1-a84f-44aa-9ec1-7997b2b1969d",
                  "isHook": false,
                  "skipped": false
                },
                {
                  "title": "More relevant products for the search term",
                  "fullTitle": "Verify search and advance search Home Search button More relevant products for the search term",
                  "timedOut": null,
                  "duration": 2809,
                  "state": "passed",
                  "speed": "slow",
                  "pass": true,
                  "fail": false,
                  "pending": false,
                  "context": null,
                  "code": "var searchWord = 'Apple MacBook Pro 13-inch';\n_search[\"default\"].search(searchWord);\ngetIframeBody().within(function () {\n  cy.get('.product-title').then(function ($pName) {\n    expect($pName).to.have.text(searchWord);\n  });\n});",
                  "err": {},
                  "uuid": "f1df38ef-7cfa-4fe6-9d80-c813d6ab7ded",
                  "parentUUID": "85092bf1-a84f-44aa-9ec1-7997b2b1969d",
                  "isHook": false,
                  "skipped": false
                },
                {
                  "title": "Search any one-word match with product name",
                  "fullTitle": "Verify search and advance search Home Search button Search any one-word match with product name",
                  "timedOut": null,
                  "duration": 2649,
                  "state": "passed",
                  "speed": "slow",
                  "pass": true,
                  "fail": false,
                  "pending": false,
                  "context": null,
                  "code": "var searchWord = 'MacBook';\n_search[\"default\"].search(searchWord);\ngetIframeBody().within(function () {\n  cy.get('.product-title').then(function ($pName) {\n    expect($pName).to.contain(searchWord);\n  });\n});",
                  "err": {},
                  "uuid": "75ec6fa3-5e65-4b8a-b9cd-4c074c5e88db",
                  "parentUUID": "85092bf1-a84f-44aa-9ec1-7997b2b1969d",
                  "isHook": false,
                  "skipped": false
                },
                {
                  "title": "Search upper and lower case combination",
                  "fullTitle": "Verify search and advance search Home Search button Search upper and lower case combination",
                  "timedOut": null,
                  "duration": 3399,
                  "state": "passed",
                  "speed": "slow",
                  "pass": true,
                  "fail": false,
                  "pending": false,
                  "context": null,
                  "code": "var searchWord = 'MACBook';\n_search[\"default\"].search(searchWord);\ngetIframeBody().within(function () {\n  cy.get('.product-grid').should('be.visible');\n});",
                  "err": {},
                  "uuid": "537cc01f-a64c-47fc-bb18-334f85d7e0fb",
                  "parentUUID": "85092bf1-a84f-44aa-9ec1-7997b2b1969d",
                  "isHook": false,
                  "skipped": false
                }
              ],
              "suites": [],
              "passes": [
                "13c424d5-a2d7-4db3-9d9b-b086caa66b10",
                "03a2c510-5037-45ae-b9c4-3d62490371bd",
                "f1df38ef-7cfa-4fe6-9d80-c813d6ab7ded",
                "75ec6fa3-5e65-4b8a-b9cd-4c074c5e88db",
                "537cc01f-a64c-47fc-bb18-334f85d7e0fb"
              ],
              "failures": [
                "eef34c5e-80ab-43cd-9343-01c5bd10625d",
                "74a98a3f-5275-4b88-bec2-a3da696a2498",
                "0504b21e-7df9-4d4d-a157-b801f422357e",
                "f497cf1e-3b62-473b-bb48-8cd768ca1a69",
                "45269f77-3f05-4672-b466-9b42f46a18b6",
                "bf43a663-4a47-40b7-9576-e6baa50deb3a",
                "c3287f62-2dfc-4770-8b44-2277cd504810",
                "a61b869e-1560-4915-9509-80443c7d81fb",
                "9b1e9326-0a56-4c58-8973-ed12cc0c98e3",
                "4527a9ef-ca35-474e-938c-cb78f8ec3278"
              ],
              "pending": [],
              "skipped": [],
              "duration": 159058,
              "root": false,
              "rootEmpty": false,
              "_timeout": 2000
            },
            {
              "uuid": "5484b2ff-2a9b-47f5-9ce9-3ffd2de5ec7f",
              "title": "Verify advance search",
              "fullFile": "",
              "file": "",
              "beforeHooks": [],
              "afterHooks": [],
              "tests": [
                {
                  "title": "Click on advance search",
                  "fullTitle": "Verify search and advance search Verify advance search Click on advance search",
                  "timedOut": null,
                  "duration": 12069,
                  "state": "failed",
                  "speed": null,
                  "pass": false,
                  "fail": true,
                  "pending": false,
                  "context": null,
                  "code": "_search[\"default\"].search(randomSearch);\n_searchAssertions[\"default\"].storesearchAssertions();\n_search[\"default\"].navigateToAdvanceSearchInValidProductName(randomSearch);\n_searchAssertions[\"default\"].advancedSearchAssertions();",
                  "err": {
                    "message": "AssertionError: Timed out retrying: expected '<h1>' to have text 'Search the store', but the text was 'Search'",
                    "estack": "AssertionError: Timed out retrying: expected '<h1>' to have text 'Search the store', but the text was 'Search'\n    at Context.eval (https://frontend.nopcommerce.com/__cypress/tests?p=cypress\\integration\\search.spec.js:608:18)",
                    "diff": "- 'Search'\n+ 'Search the store'\n"
                  },
                  "uuid": "46c3faf0-5be6-4b18-bd35-594629f5706d",
                  "parentUUID": "5484b2ff-2a9b-47f5-9ce9-3ffd2de5ec7f",
                  "isHook": false,
                  "skipped": false
                },
                {
                  "title": "Search with the empty  search term in advance search",
                  "fullTitle": "Verify search and advance search Verify advance search Search with the empty  search term in advance search",
                  "timedOut": null,
                  "duration": 7861,
                  "state": "passed",
                  "speed": "slow",
                  "pass": true,
                  "fail": false,
                  "pending": false,
                  "context": null,
                  "code": "_search[\"default\"].navigateToAdvanceSearchInValidProductName(randomSearch);\ngetIframeBody().within(function () {\n  cy.get('.search-button').click();\n  cy.wait(2000);\n});\n_searchAssertions[\"default\"].getadvancedSearchWarning();",
                  "err": {},
                  "uuid": "4e554ff6-c7da-44c7-b5ea-b9e4ad1682d9",
                  "parentUUID": "5484b2ff-2a9b-47f5-9ce9-3ffd2de5ec7f",
                  "isHook": false,
                  "skipped": false
                },
                {
                  "title": "advance search input field with placeholder text",
                  "fullTitle": "Verify search and advance search Verify advance search advance search input field with placeholder text",
                  "timedOut": null,
                  "duration": 14473,
                  "state": "failed",
                  "speed": null,
                  "pass": false,
                  "fail": true,
                  "pending": false,
                  "context": null,
                  "code": "_search[\"default\"].navigateToAdvanceSearchInValidProductName(randomSearch);\ngetIframeBody().find('#q').should('have.attr', 'placeholder', 'Enter your search item here');",
                  "err": {
                    "message": "AssertionError: Timed out retrying: expected '<input#q.search-text>' to have attribute 'placeholder'",
                    "estack": "AssertionError: Timed out retrying: expected '<input#q.search-text>' to have attribute 'placeholder'\n    at Context.eval (https://frontend.nopcommerce.com/__cypress/tests?p=cypress\\integration\\search.spec.js:332:34)",
                    "diff": null
                  },
                  "uuid": "c6fbc89a-1cd1-4690-a60b-f6e8e0175eb3",
                  "parentUUID": "5484b2ff-2a9b-47f5-9ce9-3ffd2de5ec7f",
                  "isHook": false,
                  "skipped": false
                },
                {
                  "title": "Search one word in advance search",
                  "fullTitle": "Verify search and advance search Verify advance search Search one word in advance search",
                  "timedOut": null,
                  "duration": 9360,
                  "state": "passed",
                  "speed": "slow",
                  "pass": true,
                  "fail": false,
                  "pending": false,
                  "context": null,
                  "code": "var existingProductName = 'Apple MacBook Pro 13-inch';\n_search[\"default\"].navigateToAdvanceSearchInValidProductName(randomSearch);\ngetIframeBody().within(function () {\n  cy.get('#q').type(existingProductName);\n});\ngetIframeBody().within(function () {\n  cy.get('.search-button').click();\n  cy.wait(2000);\n});\n_searchAssertions[\"default\"].getResults();",
                  "err": {},
                  "uuid": "b651f2e2-c313-43d2-90d5-9c6a8bddb8ac",
                  "parentUUID": "5484b2ff-2a9b-47f5-9ce9-3ffd2de5ec7f",
                  "isHook": false,
                  "skipped": false
                },
                {
                  "title": "Un check the advance search check box",
                  "fullTitle": "Verify search and advance search Verify advance search Un check the advance search check box",
                  "timedOut": null,
                  "duration": 7212,
                  "state": "passed",
                  "speed": "slow",
                  "pass": true,
                  "fail": false,
                  "pending": false,
                  "context": null,
                  "code": "_search[\"default\"].navigateToAdvanceSearchInValidProductName(randomSearch);\n_searchAssertions[\"default\"].advancedSearchAssertions();\ngetIframeBody().within(function () {\n  cy.get('#adv').click({\n    force: true\n  });\n});\n_searchAssertions[\"default\"].uncheckAdvancedSearchAssertion();",
                  "err": {},
                  "uuid": "767143ae-f4ea-42ad-b6f2-4ff12006cbbb",
                  "parentUUID": "5484b2ff-2a9b-47f5-9ce9-3ffd2de5ec7f",
                  "isHook": false,
                  "skipped": false
                },
                {
                  "title": "Verify all category values",
                  "fullTitle": "Verify search and advance search Verify advance search Verify all category values",
                  "timedOut": null,
                  "duration": 5307,
                  "state": "failed",
                  "speed": null,
                  "pass": false,
                  "fail": true,
                  "pending": false,
                  "context": null,
                  "code": "_search[\"default\"].navigateToAdvanceSearchInValidProductName(randomSearch);\n_searchAssertions[\"default\"].getCategoryValues();",
                  "err": {
                    "message": "AssertionError: expected '<option>' to contain [ 'Apparel' ]",
                    "estack": "AssertionError: expected '<option>' to contain [ 'Apparel' ]\n    at Context.eval (https://frontend.nopcommerce.com/__cypress/tests?p=cypress\\integration\\search.spec.js:667:30)",
                    "diff": null
                  },
                  "uuid": "a17ed6fd-f030-4b3f-a246-8a10a0c94ba7",
                  "parentUUID": "5484b2ff-2a9b-47f5-9ce9-3ffd2de5ec7f",
                  "isHook": false,
                  "skipped": false
                },
                {
                  "title": "Verify manufacture values",
                  "fullTitle": "Verify search and advance search Verify advance search Verify manufacture values",
                  "timedOut": null,
                  "duration": 5841,
                  "state": "failed",
                  "speed": null,
                  "pass": false,
                  "fail": true,
                  "pending": false,
                  "context": null,
                  "code": "_search[\"default\"].navigateToAdvanceSearchInValidProductName(randomSearch);\n_searchAssertions[\"default\"].getManufactureValues();",
                  "err": {
                    "message": "AssertionError: expected '<option>' to contain [ 'Apple' ]",
                    "estack": "AssertionError: expected '<option>' to contain [ 'Apple' ]\n    at Context.eval (https://frontend.nopcommerce.com/__cypress/tests?p=cypress\\integration\\search.spec.js:691:30)",
                    "diff": null
                  },
                  "uuid": "0a1f8deb-b6e0-44a6-80d7-2d1e5ec9cb10",
                  "parentUUID": "5484b2ff-2a9b-47f5-9ce9-3ffd2de5ec7f",
                  "isHook": false,
                  "skipped": false
                },
                {
                  "title": "Verify Catergory with Manufature values",
                  "fullTitle": "Verify search and advance search Verify advance search Verify Catergory with Manufature values",
                  "timedOut": null,
                  "duration": 9223,
                  "state": "failed",
                  "speed": null,
                  "pass": false,
                  "fail": true,
                  "pending": false,
                  "context": null,
                  "code": "var productNames = 'Cam';\n_search[\"default\"].navigateToAdvanceSearchInValidProductName(randomSearch);\n_searchAssertions[\"default\"].getCatergoryWithManufatureValues(productNames);\n_searchAssertions[\"default\"].getResults();\ngetIframeBody().within(function () {\n  cy.get('.product-title').then(function ($pName) {\n    expect($pName).to.contain(productName);\n  });\n});",
                  "err": {
                    "message": "AssertionError: expected '<h2.product-title>' to contain 'Book'",
                    "estack": "AssertionError: expected '<h2.product-title>' to contain 'Book'\n    at Context.eval (https://frontend.nopcommerce.com/__cypress/tests?p=cypress\\integration\\search.spec.js:383:29)",
                    "diff": null
                  },
                  "uuid": "e7554d7f-b77f-4742-a1db-549989de155c",
                  "parentUUID": "5484b2ff-2a9b-47f5-9ce9-3ffd2de5ec7f",
                  "isHook": false,
                  "skipped": false
                },
                {
                  "title": "Search based on Price range",
                  "fullTitle": "Verify search and advance search Verify advance search Search based on Price range",
                  "timedOut": null,
                  "duration": 13231,
                  "state": "passed",
                  "speed": "slow",
                  "pass": true,
                  "fail": false,
                  "pending": false,
                  "context": null,
                  "code": "_search[\"default\"].navigateToAdvanceSearchInValidProductName(randomSearch);\n_searchAssertions[\"default\"].beforePriceRange(productName);\n_searchAssertions[\"default\"].afterPriceRange();",
                  "err": {},
                  "uuid": "0eae5dea-651a-4f65-8ab7-2739577fb8e6",
                  "parentUUID": "5484b2ff-2a9b-47f5-9ce9-3ffd2de5ec7f",
                  "isHook": false,
                  "skipped": false
                },
                {
                  "title": "Choose strings as price",
                  "fullTitle": "Verify search and advance search Verify advance search Choose strings as price",
                  "timedOut": null,
                  "duration": 17894,
                  "state": "failed",
                  "speed": null,
                  "pass": false,
                  "fail": true,
                  "pending": false,
                  "context": null,
                  "code": "_search[\"default\"].navigateToAdvanceSearchInValidProductName(randomSearch);\n_searchAssertions[\"default\"].priceAsStrings(productName);\n_searchAssertions[\"default\"].resultsNotVisible();",
                  "err": {
                    "message": "AssertionError: Timed out retrying: expected '<div.product-grid>' not to be 'visible'",
                    "estack": "AssertionError: Timed out retrying: expected '<div.product-grid>' not to be 'visible'\n    at Context.eval (https://frontend.nopcommerce.com/__cypress/tests?p=cypress\\integration\\search.spec.js:741:29)",
                    "diff": null
                  },
                  "uuid": "a4d8353d-633e-4f94-bf46-b8439b16f1be",
                  "parentUUID": "5484b2ff-2a9b-47f5-9ce9-3ffd2de5ec7f",
                  "isHook": false,
                  "skipped": false
                },
                {
                  "title": "Apply Search In product descriptions",
                  "fullTitle": "Verify search and advance search Verify advance search Apply Search In product descriptions",
                  "timedOut": null,
                  "duration": 10775,
                  "state": "passed",
                  "speed": "slow",
                  "pass": true,
                  "fail": false,
                  "pending": false,
                  "context": null,
                  "code": "_search[\"default\"].navigateToAdvanceSearchInValidProductName(randomSearch);\n_searchAssertions[\"default\"].productDescriptions();",
                  "err": {},
                  "uuid": "0bf0b587-b6d1-403a-bd35-db7395a001c7",
                  "parentUUID": "5484b2ff-2a9b-47f5-9ce9-3ffd2de5ec7f",
                  "isHook": false,
                  "skipped": false
                }
              ],
              "suites": [],
              "passes": [
                "4e554ff6-c7da-44c7-b5ea-b9e4ad1682d9",
                "b651f2e2-c313-43d2-90d5-9c6a8bddb8ac",
                "767143ae-f4ea-42ad-b6f2-4ff12006cbbb",
                "0eae5dea-651a-4f65-8ab7-2739577fb8e6",
                "0bf0b587-b6d1-403a-bd35-db7395a001c7"
              ],
              "failures": [
                "46c3faf0-5be6-4b18-bd35-594629f5706d",
                "c6fbc89a-1cd1-4690-a60b-f6e8e0175eb3",
                "a17ed6fd-f030-4b3f-a246-8a10a0c94ba7",
                "0a1f8deb-b6e0-44a6-80d7-2d1e5ec9cb10",
                "e7554d7f-b77f-4742-a1db-549989de155c",
                "a4d8353d-633e-4f94-bf46-b8439b16f1be"
              ],
              "pending": [],
              "skipped": [],
              "duration": 113246,
              "root": false,
              "rootEmpty": false,
              "_timeout": 2000
            },
            {
              "uuid": "3d813cb5-8f1f-47bb-b7a9-b2f3bc5d6166",
              "title": "Filters and results",
              "fullFile": "",
              "file": "",
              "beforeHooks": [],
              "afterHooks": [],
              "tests": [
                {
                  "title": "Apply sort filter",
                  "fullTitle": "Verify search and advance search Filters and results Apply sort filter",
                  "timedOut": null,
                  "duration": 4107,
                  "state": "passed",
                  "speed": "slow",
                  "pass": true,
                  "fail": false,
                  "pending": false,
                  "context": null,
                  "code": "_search[\"default\"].search(productName);\n_search[\"default\"].sortBy();",
                  "err": {},
                  "uuid": "295c843c-8f33-4bba-8809-e5ec2359d1bc",
                  "parentUUID": "3d813cb5-8f1f-47bb-b7a9-b2f3bc5d6166",
                  "isHook": false,
                  "skipped": false
                },
                {
                  "title": "Results for page",
                  "fullTitle": "Verify search and advance search Filters and results Results for page",
                  "timedOut": null,
                  "duration": 12979,
                  "state": "failed",
                  "speed": null,
                  "pass": false,
                  "fail": true,
                  "pending": false,
                  "context": null,
                  "code": "_search[\"default\"].search(productName);\n_search[\"default\"].ResultsForPage();",
                  "err": {
                    "message": "AssertionError: Timed out retrying: expected '<div.product-page-size>' to contain 'Show results for page'",
                    "estack": "AssertionError: Timed out retrying: expected '<div.product-page-size>' to contain 'Show results for page'\n    at Context.eval (https://frontend.nopcommerce.com/__cypress/tests?p=cypress\\integration\\search.spec.js:529:34)",
                    "diff": null
                  },
                  "uuid": "3f616bde-6f9f-48ef-a7b3-41bf7db718d4",
                  "parentUUID": "3d813cb5-8f1f-47bb-b7a9-b2f3bc5d6166",
                  "isHook": false,
                  "skipped": false
                },
                {
                  "title": "Grid view layout icon",
                  "fullTitle": "Verify search and advance search Filters and results Grid view layout icon",
                  "timedOut": null,
                  "duration": 13529,
                  "state": "failed",
                  "speed": null,
                  "pass": false,
                  "fail": true,
                  "pending": false,
                  "context": null,
                  "code": "_search[\"default\"].search(productName);\n_search[\"default\"].GridViewLayout();",
                  "err": {
                    "message": "AssertionError: Timed out retrying: expected '<div.product-viewmode>' to have class 'active'",
                    "estack": "AssertionError: Timed out retrying: expected '<div.product-viewmode>' to have class 'active'\n    at Context.eval (https://frontend.nopcommerce.com/__cypress/tests?p=cypress\\integration\\search.spec.js:542:33)",
                    "diff": null
                  },
                  "uuid": "01f4230c-2c56-46ab-8d1d-0f62a2db6e9c",
                  "parentUUID": "3d813cb5-8f1f-47bb-b7a9-b2f3bc5d6166",
                  "isHook": false,
                  "skipped": false
                },
                {
                  "title": "Search results",
                  "fullTitle": "Verify search and advance search Filters and results Search results",
                  "timedOut": null,
                  "duration": 4330,
                  "state": "passed",
                  "speed": "slow",
                  "pass": true,
                  "fail": false,
                  "pending": false,
                  "context": null,
                  "code": "_search[\"default\"].search(productName);\n_searchAssertions[\"default\"].getResults();\ngetIframeBody().within(function () {\n  cy.get('.item-box').then(function ($el) {\n    expect($el).to.have.length(4);\n  });\n});",
                  "err": {},
                  "uuid": "5ba923e5-765a-41e1-a64a-88c82db04ce1",
                  "parentUUID": "3d813cb5-8f1f-47bb-b7a9-b2f3bc5d6166",
                  "isHook": false,
                  "skipped": false
                },
                {
                  "title": "Navigate to the product page using image",
                  "fullTitle": "Verify search and advance search Filters and results Navigate to the product page using image",
                  "timedOut": null,
                  "duration": 5379,
                  "state": "passed",
                  "speed": "slow",
                  "pass": true,
                  "fail": false,
                  "pending": false,
                  "context": null,
                  "code": "_search[\"default\"].search(pName);\n_search[\"default\"].clickByPImage();\n_search[\"default\"].navigateToNewpage(pName);",
                  "err": {},
                  "uuid": "8ade2912-e342-4fa9-bdd0-c18a1270a4b8",
                  "parentUUID": "3d813cb5-8f1f-47bb-b7a9-b2f3bc5d6166",
                  "isHook": false,
                  "skipped": false
                },
                {
                  "title": "Navigate to the product page using name",
                  "fullTitle": "Verify search and advance search Filters and results Navigate to the product page using name",
                  "timedOut": null,
                  "duration": 6968,
                  "state": "passed",
                  "speed": "slow",
                  "pass": true,
                  "fail": false,
                  "pending": false,
                  "context": null,
                  "code": "_search[\"default\"].search(pName);\n_search[\"default\"].clickByPName(pName);\n_search[\"default\"].navigateToNewpage(pName);",
                  "err": {},
                  "uuid": "2d726565-af23-4cf2-8da9-88b2a980b2e0",
                  "parentUUID": "3d813cb5-8f1f-47bb-b7a9-b2f3bc5d6166",
                  "isHook": false,
                  "skipped": false
                }
              ],
              "suites": [],
              "passes": [
                "295c843c-8f33-4bba-8809-e5ec2359d1bc",
                "5ba923e5-765a-41e1-a64a-88c82db04ce1",
                "8ade2912-e342-4fa9-bdd0-c18a1270a4b8",
                "2d726565-af23-4cf2-8da9-88b2a980b2e0"
              ],
              "failures": [
                "3f616bde-6f9f-48ef-a7b3-41bf7db718d4",
                "01f4230c-2c56-46ab-8d1d-0f62a2db6e9c"
              ],
              "pending": [],
              "skipped": [],
              "duration": 47292,
              "root": false,
              "rootEmpty": false,
              "_timeout": 2000
            }
          ],
          "passes": [],
          "failures": [],
          "pending": [],
          "skipped": [],
          "duration": 0,
          "root": false,
          "rootEmpty": false,
          "_timeout": 2000
        }
      ],
      "passes": [],
      "failures": [],
      "pending": [],
      "skipped": [],
      "duration": 0,
      "root": true,
      "rootEmpty": true,
      "_timeout": 2000
    }
  ],
  "meta": {
    "mocha": {
      "version": "7.0.1"
    },
    "mochawesome": {
      "options": {
        "quiet": true,
        "reportFilename": "mochawesome",
        "saveHtml": true,
        "saveJson": true,
        "consoleReporter": "spec",
        "useInlineDiffs": false,
        "code": true
      },
      "version": "5.0.0"
    },
    "marge": {
      "options": {
        "id": "default",
        "reportDir": "cypress/reports",
        "quiet": true,
        "overwrite": false,
        "html": true,
        "json": true
      },
      "version": "4.1.0"
    }
  }
}